{"level":"info","message":"MongoDB Connected","timestamp":"2020-05-10T19:18:51.159Z"}
{"level":"info","message":"path:/api/advice","timestamp":"2020-05-10T19:18:59.957Z"}
{"level":"error","message":"\"city\" length must be at least 10 characters long","timestamp":"2020-05-10T19:18:59.961Z"}
{"level":"info","message":"MongoDB Connected","timestamp":"2020-05-10T19:19:51.778Z"}
{"level":"info","message":"MongoDB Connected","timestamp":"2020-05-10T19:19:57.768Z"}
{"level":"info","message":"MongoDB Connected","timestamp":"2020-05-10T19:20:35.965Z"}
{"level":"info","message":"path:/api/advice","timestamp":"2020-05-10T19:20:38.739Z"}
{"level":"error","message":"\"city\" length must be at least 10 characters long","timestamp":"2020-05-10T19:20:38.741Z"}
{"level":"info","message":"MongoDB Connected","timestamp":"2020-05-10T19:20:55.017Z"}
{"level":"info","message":"path:/api/advice","timestamp":"2020-05-10T19:20:59.643Z"}
{"level":"info","message":"MongoDB Connected","timestamp":"2020-05-10T19:21:19.870Z"}
{"level":"info","message":"MongoDB Connected","timestamp":"2020-05-10T19:21:26.046Z"}
{"level":"info","message":"path:/api/advice","timestamp":"2020-05-10T19:21:33.319Z"}
{"level":"info","message":null,"timestamp":"2020-05-10T19:21:33.321Z"}
{"level":"info","message":"path:/api/advice","timestamp":"2020-05-10T19:22:40.769Z"}
{"level":"info","message":null,"timestamp":"2020-05-10T19:22:40.769Z"}
{"level":"info","message":"MongoDB Connected","timestamp":"2020-05-10T19:22:56.599Z"}
{"level":"info","message":"path:/api/advice","timestamp":"2020-05-10T19:22:58.503Z"}
{"level":"info","message":"MongoDB Connected","timestamp":"2020-05-10T20:21:10.151Z"}
{"level":"info","message":"MongoDB Connected","timestamp":"2020-05-10T20:21:35.511Z"}
{"level":"info","message":"MongoDB Connected","timestamp":"2020-05-10T20:21:38.720Z"}
{"level":"info","message":"/api/login","timestamp":"2020-05-10T20:22:01.353Z"}
{"level":"info","message":"/api/login","timestamp":"2020-05-10T20:29:57.014Z"}
{"level":"info","message":"/api/login","timestamp":"2020-05-10T20:38:20.574Z"}
{"level":"info","message":"MongoDB Connected","timestamp":"2020-05-10T20:53:37.374Z"}
{"level":"info","message":"MongoDB Connected","timestamp":"2020-05-10T20:54:06.908Z"}
{"level":"info","message":"MongoDB Connected","timestamp":"2020-05-10T20:54:52.598Z"}
{"level":"info","message":"MongoDB Connected","timestamp":"2020-05-10T20:58:15.118Z"}
{"level":"info","message":"MongoDB Connected","timestamp":"2020-05-10T20:58:48.788Z"}
{"level":"info","message":"/api/user:email","timestamp":"2020-05-10T20:58:51.274Z"}
{"level":"info","message":"MongoDB Connected","timestamp":"2020-05-10T21:00:34.184Z"}
{"level":"info","message":"/api/user:email","timestamp":"2020-05-10T21:00:36.868Z"}
{"level":"info","message":"MongoDB Connected","timestamp":"2020-05-10T21:00:51.181Z"}
{"level":"info","message":"/api/user:email","timestamp":"2020-05-10T21:00:53.303Z"}
{"level":"info","message":"MongoDB Connected","timestamp":"2020-05-10T21:01:14.017Z"}
{"level":"info","message":"/api/user:email","timestamp":"2020-05-10T21:01:19.409Z"}
{"level":"info","message":"MongoDB Connected","timestamp":"2020-05-10T21:02:32.796Z"}
{"level":"info","message":"/api/user:email","timestamp":"2020-05-10T21:02:34.793Z"}
{"level":"info","message":"MongoDB Connected","timestamp":"2020-05-10T21:02:45.334Z"}
{"level":"info","message":"/api/user:email","timestamp":"2020-05-10T21:02:48.050Z"}
{"level":"info","message":"MongoDB Connected","timestamp":"2020-05-10T21:03:09.914Z"}
{"level":"info","message":"/api/user:email","timestamp":"2020-05-10T21:03:12.870Z"}
{"level":"info","message":"MongoDB Connected","timestamp":"2020-05-10T21:03:37.846Z"}
{"level":"info","message":"MongoDB Connected","timestamp":"2020-05-10T21:03:47.806Z"}
{"level":"info","message":"MongoDB Connected","timestamp":"2020-05-10T21:04:03.227Z"}
{"level":"info","message":"MongoDB Connected","timestamp":"2020-05-10T21:10:11.819Z"}
{"level":"info","message":"MongoDB Connected","timestamp":"2020-05-10T21:11:38.577Z"}
{"level":"info","message":"/api/user:email","timestamp":"2020-05-10T21:11:45.853Z"}
{"level":"info","message":"MongoDB Connected","timestamp":"2020-05-10T21:12:34.776Z"}
{"level":"info","message":"/api/user:email","timestamp":"2020-05-10T21:12:40.298Z"}
{"level":"info","message":"MongoDB Connected","timestamp":"2020-05-10T21:18:27.284Z"}
{"level":"info","message":"MongoDB Connected","timestamp":"2020-05-10T21:23:19.999Z"}
{"level":"info","message":"/api/login","timestamp":"2020-05-10T21:26:19.567Z"}
{"level":"info","message":"MongoDB Connected","timestamp":"2020-05-10T21:26:57.152Z"}
{"level":"info","message":"/api/advice","timestamp":"2020-05-10T21:26:59.111Z"}
{"level":"error","message":"\"city\" is not allowed to be empty","timestamp":"2020-05-10T21:26:59.116Z"}
{"level":"info","message":"/api/advice","timestamp":"2020-05-10T21:27:31.233Z"}
{"level":"error","message":"\"description\" is not allowed to be empty","timestamp":"2020-05-10T21:27:31.235Z"}
{"level":"info","message":"/api/advice","timestamp":"2020-05-10T21:27:39.057Z"}
{"level":"error","message":"\"userId\" is not allowed","timestamp":"2020-05-10T21:27:39.058Z"}
{"level":"info","message":"MongoDB Connected","timestamp":"2020-05-10T21:28:18.572Z"}
{"level":"info","message":"/api/advice","timestamp":"2020-05-10T21:28:33.251Z"}
{"level":"info","message":"MongoDB Connected","timestamp":"2020-05-10T21:29:36.507Z"}
{"level":"info","message":"/api/advice","timestamp":"2020-05-10T21:29:38.362Z"}
{"level":"info","message":null,"timestamp":"2020-05-10T21:29:38.367Z"}
{"level":"info","message":"MongoDB Connected","timestamp":"2020-05-10T21:30:49.233Z"}
{"level":"info","message":"MongoDB Connected","timestamp":"2020-05-10T21:30:54.245Z"}
{"level":"info","message":"MongoDB Connected","timestamp":"2020-05-11T05:45:52.967Z"}
{"level":"info","message":"MongoDB Connected","timestamp":"2020-05-11T05:51:19.444Z"}
{"level":"info","message":"/api/advice","timestamp":"2020-05-11T05:51:22.792Z"}
{"level":"info","message":null,"timestamp":"2020-05-11T05:51:22.796Z"}
{"level":"info","message":"MongoDB Connected","timestamp":"2020-05-11T05:53:19.788Z"}
{"level":"info","message":"/api/advice","timestamp":"2020-05-11T05:53:25.069Z"}
{"level":"info","message":null,"timestamp":"2020-05-11T05:53:25.074Z"}
{"level":"info","message":"MongoDB Connected","timestamp":"2020-05-11T05:54:00.623Z"}
{"level":"info","message":"/api/advice","timestamp":"2020-05-11T05:54:20.053Z"}
{"isJoi":true,"name":"ValidationError","details":[{"message":"\"city\" is not allowed to be empty","path":["city"],"type":"any.empty","context":{"value":"","invalids":[""],"key":"city","label":"city"}}],"_object":{"phone":"055-6678224","email":"amit@indorz.co","placeName":"the first station","description":"","rating":"1","country":"","city":"","type":"Restaurants"},"level":"info","timestamp":"2020-05-11T05:54:20.057Z"}
{"level":"error","message":"\"city\" is not allowed to be empty","timestamp":"2020-05-11T05:54:20.057Z"}
{"level":"info","message":"/api/advice","timestamp":"2020-05-11T05:54:21.041Z"}
{"isJoi":true,"name":"ValidationError","details":[{"message":"\"city\" is not allowed to be empty","path":["city"],"type":"any.empty","context":{"value":"","invalids":[""],"key":"city","label":"city"}}],"_object":{"phone":"055-6678224","email":"amit@indorz.co","placeName":"the first station","description":"","rating":"1","country":"","city":"","type":"Restaurants"},"level":"info","timestamp":"2020-05-11T05:54:21.043Z"}
{"level":"error","message":"\"city\" is not allowed to be empty","timestamp":"2020-05-11T05:54:21.043Z"}
{"level":"info","message":"/api/login","timestamp":"2020-05-11T05:54:42.972Z"}
{"level":"info","message":"/api/advice","timestamp":"2020-05-11T05:54:55.141Z"}
{"isJoi":true,"name":"ValidationError","details":[{"message":"\"description\" is not allowed to be empty","path":["description"],"type":"any.empty","context":{"value":"","invalids":[""],"key":"description","label":"description"}}],"_object":{"phone":"055-6678224","email":"amit@indorz.co","placeName":"the first station","description":"","rating":"1","country":"sdfksdfsd","city":"jerusalem","type":"Restaurants"},"level":"info","timestamp":"2020-05-11T05:54:55.143Z"}
{"level":"error","message":"\"description\" is not allowed to be empty","timestamp":"2020-05-11T05:54:55.143Z"}
{"level":"info","message":"/api/advice","timestamp":"2020-05-11T05:55:03.237Z"}
{"level":"info","message":null,"timestamp":"2020-05-11T05:55:03.238Z"}
{"level":"info","message":"/api/advice","timestamp":"2020-05-11T05:55:13.737Z"}
{"isJoi":true,"name":"ValidationError","details":[{"message":"\"city\" is not allowed to be empty","path":["city"],"type":"any.empty","context":{"value":"","invalids":[""],"key":"city","label":"city"}}],"_object":{"phone":"055-6678224","email":"amit@indorz.co","placeName":"the first station","description":"","rating":"1","country":"","city":"","type":"Restaurants"},"level":"info","timestamp":"2020-05-11T05:55:13.738Z"}
{"level":"error","message":"\"city\" is not allowed to be empty","timestamp":"2020-05-11T05:55:13.738Z"}
{"level":"info","message":"/api/advice","timestamp":"2020-05-11T05:55:34.252Z"}
{"level":"info","message":null,"timestamp":"2020-05-11T05:55:34.253Z"}
{"level":"info","message":"MongoDB Connected","timestamp":"2020-05-11T05:56:02.975Z"}
{"level":"info","message":"/api/advice","timestamp":"2020-05-11T05:56:07.143Z"}
{"level":"info","message":null,"timestamp":"2020-05-11T05:56:07.147Z"}
{"level":"info","message":"MongoDB Connected","timestamp":"2020-05-11T05:56:36.322Z"}
{"level":"info","message":"MongoDB Connected","timestamp":"2020-05-11T05:56:54.615Z"}
{"level":"info","message":"MongoDB Connected","timestamp":"2020-05-11T05:57:12.392Z"}
{"level":"info","message":"MongoDB Connected","timestamp":"2020-05-11T05:58:39.612Z"}
{"level":"info","message":"/api/advice","timestamp":"2020-05-11T05:58:42.451Z"}
{"level":"info","message":null,"timestamp":"2020-05-11T05:58:42.454Z"}
{"level":"info","message":"MongoDB Connected","timestamp":"2020-05-11T05:59:04.923Z"}
{"level":"info","message":"/api/advice","timestamp":"2020-05-11T05:59:07.990Z"}
{"level":"info","message":null,"timestamp":"2020-05-11T05:59:07.993Z"}
{"level":"info","message":"/api/advice","timestamp":"2020-05-11T06:01:04.875Z"}
{"level":"info","message":null,"timestamp":"2020-05-11T06:01:04.881Z"}
{"level":"info","message":"MongoDB Connected","timestamp":"2020-05-11T06:01:06.335Z"}
{"level":"info","message":"MongoDB Connected","timestamp":"2020-05-11T06:01:49.254Z"}
{"level":"info","message":"/api/advice","timestamp":"2020-05-11T06:01:49.466Z"}
{"level":"info","message":null,"timestamp":"2020-05-11T06:01:49.474Z"}
{"level":"info","message":"MongoDB Connected","timestamp":"2020-05-11T06:02:52.710Z"}
{"level":"info","message":"/api/advice","timestamp":"2020-05-11T06:02:55.862Z"}
{"level":"info","message":null,"timestamp":"2020-05-11T06:02:55.866Z"}
{"level":"info","message":"MongoDB Connected","timestamp":"2020-05-11T06:03:21.746Z"}
{"level":"info","message":"/api/advice","timestamp":"2020-05-11T06:03:37.079Z"}
{"level":"info","message":null,"timestamp":"2020-05-11T06:03:37.083Z"}
{"level":"info","message":"MongoDB Connected","timestamp":"2020-05-11T06:04:17.640Z"}
{"level":"info","message":"/api/advice","timestamp":"2020-05-11T06:04:20.525Z"}
{"level":"info","message":null,"timestamp":"2020-05-11T06:04:20.529Z"}
{"level":"info","message":"MongoDB Connected","timestamp":"2020-05-11T06:04:53.177Z"}
{"level":"info","message":"/api/advice","timestamp":"2020-05-11T06:04:55.640Z"}
{"level":"info","message":null,"timestamp":"2020-05-11T06:04:55.645Z"}
{"errors":{"phone":{"message":"Invalid phone size.","name":"ValidatorError","properties":{"message":"Invalid phone size.","type":"user defined","path":"phone","value":"055-6678224"},"kind":"user defined","path":"phone","value":"055-6678224"}},"_message":"advices validation failed","message":"advices validation failed: phone: Invalid phone size.","name":"ValidationError","level":"error","timestamp":"2020-05-11T06:04:55.654Z"}
{"level":"info","message":"MongoDB Connected","timestamp":"2020-05-11T06:06:00.718Z"}
{"level":"info","message":"MongoDB Connected","timestamp":"2020-05-11T06:06:06.072Z"}
{"level":"info","message":"MongoDB Connected","timestamp":"2020-05-11T06:06:11.273Z"}
{"level":"info","message":"/api/advice","timestamp":"2020-05-11T06:06:14.054Z"}
{"level":"info","message":null,"timestamp":"2020-05-11T06:06:14.058Z"}
{"errors":{"phone":{"message":"Invalid phone size.","name":"ValidatorError","properties":{"message":"Invalid phone size.","type":"user defined","path":"phone","value":"055-6678224"},"kind":"user defined","path":"phone","value":"055-6678224"}},"_message":"advices validation failed","message":"advices validation failed: phone: Invalid phone size.","name":"ValidationError","level":"error","timestamp":"2020-05-11T06:06:14.067Z"}
{"level":"info","message":"MongoDB Connected","timestamp":"2020-05-11T06:06:44.519Z"}
{"level":"info","message":"/api/advice","timestamp":"2020-05-11T06:06:47.287Z"}
{"level":"info","message":null,"timestamp":"2020-05-11T06:06:47.290Z"}
{"errors":{"phone":{"message":"Invalid phone size.","name":"ValidatorError","properties":{"message":"Invalid phone size.","type":"user defined","path":"phone","value":"055-6678224"},"kind":"user defined","path":"phone","value":"055-6678224"}},"_message":"advices validation failed","message":"advices validation failed: phone: Invalid phone size.","name":"ValidationError","level":"error","timestamp":"2020-05-11T06:06:47.301Z"}
{"level":"info","message":"MongoDB Connected","timestamp":"2020-05-11T06:09:55.810Z"}
{"level":"info","message":"/api/advice","timestamp":"2020-05-11T06:10:03.958Z"}
{"level":"info","message":null,"timestamp":"2020-05-11T06:10:03.964Z"}
{"errors":{"phone":{"message":"Invalid phone size.","name":"ValidatorError","properties":{"message":"Invalid phone size.","type":"user defined","path":"phone","value":"055-6678224"},"kind":"user defined","path":"phone","value":"055-6678224"}},"_message":"advices validation failed","message":"advices validation failed: phone: Invalid phone size.","name":"ValidationError","level":"error","timestamp":"2020-05-11T06:10:03.980Z"}
{"level":"info","message":"MongoDB Connected","timestamp":"2020-05-11T06:12:30.926Z"}
{"level":"info","message":"/api/advice","timestamp":"2020-05-11T06:12:33.669Z"}
{"level":"info","message":null,"timestamp":"2020-05-11T06:12:33.673Z"}
{"level":"info","message":"MongoDB Connected","timestamp":"2020-05-11T06:18:45.720Z"}
{"level":"info","message":"/api/advice","timestamp":"2020-05-11T06:19:20.673Z"}
{"level":"info","message":"MongoDB Connected","timestamp":"2020-05-11T06:20:52.854Z"}
{"level":"info","message":"MongoDB Connected","timestamp":"2020-05-11T06:20:56.273Z"}
{"level":"info","message":"MongoDB Connected","timestamp":"2020-05-11T06:21:09.076Z"}
{"level":"info","message":"MongoDB Connected","timestamp":"2020-05-11T06:21:12.365Z"}
{"level":"info","message":"MongoDB Connected","timestamp":"2020-05-11T06:36:00.026Z"}
{"level":"info","message":"/api/login","timestamp":"2020-05-11T06:36:02.923Z"}
{"level":"info","message":"MongoDB Connected","timestamp":"2020-05-11T06:44:15.248Z"}
{"level":"info","message":"/api/login","timestamp":"2020-05-11T06:44:19.114Z"}
{"level":"info","message":"/api/login","timestamp":"2020-05-11T06:45:02.349Z"}
{"level":"info","message":"/api/login","timestamp":"2020-05-11T06:47:02.460Z"}
{"level":"info","message":"MongoDB Connected","timestamp":"2020-05-11T06:48:57.304Z"}
{"level":"info","message":"/api/login","timestamp":"2020-05-11T06:49:01.801Z"}
{"level":"info","message":"/api/login","timestamp":"2020-05-11T06:53:14.614Z"}
{"level":"info","message":"/api/login","timestamp":"2020-05-11T06:55:49.482Z"}
{"level":"info","message":"MongoDB Connected","timestamp":"2020-05-11T06:56:40.922Z"}
{"level":"info","message":"/api/login","timestamp":"2020-05-11T06:56:42.501Z"}
{"level":"info","message":"MongoDB Connected","timestamp":"2020-05-11T06:58:15.521Z"}
{"level":"info","message":"MongoDB Connected","timestamp":"2020-05-11T06:59:08.382Z"}
{"level":"info","message":"/api/login","timestamp":"2020-05-11T06:59:12.745Z"}
{"level":"info","message":"MongoDB Connected","timestamp":"2020-05-11T06:59:23.456Z"}
{"level":"info","message":"MongoDB Connected","timestamp":"2020-05-11T15:58:34.138Z"}
{"level":"info","message":"/api/login","timestamp":"2020-05-11T16:01:15.476Z"}
{"level":"info","message":"/api/login","timestamp":"2020-05-11T16:01:54.438Z"}
{"level":"info","message":"/api/login","timestamp":"2020-05-11T16:02:56.720Z"}
{"level":"info","message":"/api/login","timestamp":"2020-05-11T16:03:16.738Z"}
{"level":"info","message":"/api/login","timestamp":"2020-05-11T16:03:49.167Z"}
{"level":"info","message":"/api/login","timestamp":"2020-05-11T16:08:43.354Z"}
{"level":"info","message":"/api/login","timestamp":"2020-05-11T16:08:59.286Z"}
{"level":"info","message":"/api/login","timestamp":"2020-05-11T16:10:47.519Z"}
{"level":"info","message":"/api/login","timestamp":"2020-05-11T16:11:27.412Z"}
{"level":"info","message":"/api/login","timestamp":"2020-05-11T16:11:39.349Z"}
{"level":"info","message":"/api/login","timestamp":"2020-05-11T16:12:48.003Z"}
{"level":"info","message":"/api/login","timestamp":"2020-05-11T16:13:21.422Z"}
{"level":"info","message":"/api/login","timestamp":"2020-05-11T16:13:42.668Z"}
{"level":"info","message":"/api/login","timestamp":"2020-05-11T16:15:39.742Z"}
{"level":"info","message":"/api/login","timestamp":"2020-05-11T16:17:50.180Z"}
{"level":"info","message":"/api/login","timestamp":"2020-05-11T16:18:07.622Z"}
{"level":"info","message":"MongoDB Connected","timestamp":"2020-05-11T16:59:21.209Z"}
{"level":"info","message":"/api/advice","timestamp":"2020-05-11T16:59:48.194Z"}
{"errors":{"phone":{"message":"logger is not defined","name":"ValidatorError","properties":{"message":"logger is not defined","type":"user defined","path":"phone","value":"055-6678224","reason":{}},"kind":"user defined","path":"phone","value":"055-6678224","reason":{}}},"_message":"advices validation failed","message":"advices validation failed: phone: logger is not defined","name":"ValidationError","level":"error","timestamp":"2020-05-11T16:59:48.214Z"}
{"level":"info","message":"MongoDB Connected","timestamp":"2020-05-11T17:01:03.980Z"}
{"level":"info","message":"/api/advice","timestamp":"2020-05-11T17:01:08.811Z"}
{"level":"debug","message":"0556678224","timestamp":"2020-05-11T17:01:08.823Z"}
{"level":"info","message":"/api/login","timestamp":"2020-05-11T18:27:10.203Z"}
{"level":"info","message":"MongoDB Connected","timestamp":"2020-05-11T18:29:46.353Z"}
{"level":"info","message":"MongoDB Connected","timestamp":"2020-05-11T18:29:57.630Z"}
{"level":"info","message":"/api/login","timestamp":"2020-05-11T19:00:45.210Z"}
{"level":"info","message":"/api/login","timestamp":"2020-05-11T19:01:17.404Z"}
{"level":"info","message":"/api/login","timestamp":"2020-05-11T19:01:35.460Z"}
{"level":"info","message":"/api/login","timestamp":"2020-05-11T19:02:32.307Z"}
{"level":"info","message":"/api/login","timestamp":"2020-05-11T19:03:16.717Z"}
{"level":"info","message":"/api/login","timestamp":"2020-05-11T19:03:53.520Z"}
{"level":"info","message":"/api/login","timestamp":"2020-05-11T19:04:23.128Z"}
{"level":"info","message":"/api/login","timestamp":"2020-05-11T19:07:12.537Z"}
{"level":"info","message":"/api/login","timestamp":"2020-05-11T19:07:34.370Z"}
{"level":"info","message":"/api/login","timestamp":"2020-05-11T19:21:09.968Z"}
{"level":"info","message":"/api/login","timestamp":"2020-05-11T19:21:12.562Z"}
{"level":"info","message":"/api/login","timestamp":"2020-05-11T19:21:41.817Z"}
{"level":"info","message":"/api/login","timestamp":"2020-05-11T19:23:16.670Z"}
{"level":"info","message":"/api/login","timestamp":"2020-05-11T19:24:59.512Z"}
{"level":"info","message":"/api/login","timestamp":"2020-05-11T19:25:33.206Z"}
{"level":"info","message":"/api/login","timestamp":"2020-05-11T19:26:28.998Z"}
{"level":"info","message":"/api/login","timestamp":"2020-05-11T19:28:42.667Z"}
{"level":"info","message":"/api/login","timestamp":"2020-05-11T19:46:06.667Z"}
{"level":"info","message":"/api/login","timestamp":"2020-05-11T19:46:32.996Z"}
{"level":"info","message":"MongoDB Connected","timestamp":"2020-05-11T19:47:42.686Z"}
{"level":"info","message":"/api/login","timestamp":"2020-05-11T19:47:50.433Z"}
{"level":"info","message":"/api/login","timestamp":"2020-05-11T19:50:17.370Z"}
{"level":"info","message":"/api/login","timestamp":"2020-05-11T19:50:41.466Z"}
{"level":"info","message":"/api/login","timestamp":"2020-05-11T19:51:12.465Z"}
{"level":"info","message":"/api/login","timestamp":"2020-05-11T19:51:38.845Z"}
{"level":"info","message":"/api/login","timestamp":"2020-05-11T19:54:10.161Z"}
{"level":"info","message":"/api/register","timestamp":"2020-05-11T19:56:14.576Z"}
{"level":"info","message":"/api/register","timestamp":"2020-05-11T19:57:33.819Z"}
{"level":"info","message":"/api/register","timestamp":"2020-05-11T19:58:15.771Z"}
{"level":"info","message":"MongoDB Connected","timestamp":"2020-05-12T06:12:32.577Z"}
{"level":"info","message":"/api/login","timestamp":"2020-05-12T06:12:40.399Z"}
{"level":"info","message":"/api/login","timestamp":"2020-05-12T06:15:45.207Z"}
{"level":"info","message":"/api/login","timestamp":"2020-05-12T06:30:50.006Z"}
{"level":"info","message":"/api/register","timestamp":"2020-05-12T06:39:55.132Z"}
{"level":"info","message":"/api/register","timestamp":"2020-05-12T06:41:07.273Z"}
{"level":"info","message":"MongoDB Connected","timestamp":"2020-05-12T19:42:16.695Z"}
{"level":"info","message":"MongoDB Connected","timestamp":"2020-05-12T19:43:25.372Z"}
{"level":"info","message":"MongoDB Connected","timestamp":"2020-05-12T19:45:26.086Z"}
{"level":"info","message":"/api/login","timestamp":"2020-05-12T19:49:44.300Z"}
{"level":"info","message":"/api/login","timestamp":"2020-05-12T19:49:59.933Z"}
{"level":"info","message":"MongoDB Connected","timestamp":"2020-05-12T19:59:37.182Z"}
{"level":"info","message":"MongoDB Connected","timestamp":"2020-05-12T20:09:21.702Z"}
{"level":"info","message":"MongoDB Connected","timestamp":"2020-05-12T20:11:04.362Z"}
{"level":"info","message":"MongoDB Connected","timestamp":"2020-05-12T20:33:36.234Z"}
{"level":"info","message":"MongoDB Connected","timestamp":"2020-05-12T20:33:55.000Z"}
{"level":"info","message":"MongoDB Connected","timestamp":"2020-05-12T20:38:47.398Z"}
{"level":"info","message":"/api/advice","timestamp":"2020-05-12T20:38:51.270Z"}
{"level":"info","message":"MongoDB Connected","timestamp":"2020-05-12T20:39:21.894Z"}
{"level":"info","message":"MongoDB Connected","timestamp":"2020-05-12T20:39:27.737Z"}
{"level":"info","message":"MongoDB Connected","timestamp":"2020-05-12T20:39:32.576Z"}
{"level":"info","message":"MongoDB Connected","timestamp":"2020-05-12T20:39:40.538Z"}
{"level":"info","message":"MongoDB Connected","timestamp":"2020-05-12T20:39:52.445Z"}
{"level":"info","message":"/api/advice","timestamp":"2020-05-12T20:39:55.074Z"}
{"level":"info","message":"MongoDB Connected","timestamp":"2020-05-12T20:40:03.346Z"}
{"level":"info","message":"MongoDB Connected","timestamp":"2020-05-12T20:45:05.121Z"}
{"level":"info","message":"MongoDB Connected","timestamp":"2020-05-12T20:45:12.717Z"}
{"level":"info","message":"MongoDB Connected","timestamp":"2020-05-12T20:47:00.647Z"}
{"level":"info","message":"MongoDB Connected","timestamp":"2020-05-12T20:49:31.600Z"}
{"level":"info","message":"MongoDB Connected","timestamp":"2020-05-12T20:49:40.149Z"}
{"level":"info","message":"MongoDB Connected","timestamp":"2020-05-12T20:51:55.190Z"}
{"level":"info","message":"MongoDB Connected","timestamp":"2020-05-12T20:52:00.733Z"}
{"level":"info","message":"MongoDB Connected","timestamp":"2020-05-12T20:52:27.285Z"}
{"level":"info","message":"MongoDB Connected","timestamp":"2020-05-12T20:52:52.416Z"}
{"level":"info","message":"MongoDB Connected","timestamp":"2020-05-12T20:52:55.769Z"}
{"level":"info","message":"MongoDB Connected","timestamp":"2020-05-12T20:53:09.979Z"}
{"level":"info","message":"MongoDB Connected","timestamp":"2020-05-12T20:53:28.913Z"}
{"level":"info","message":"MongoDB Connected","timestamp":"2020-05-12T20:54:07.373Z"}
{"level":"info","message":"MongoDB Connected","timestamp":"2020-05-12T20:57:45.240Z"}
{"level":"info","message":"MongoDB Connected","timestamp":"2020-05-12T20:58:01.823Z"}
{"level":"info","message":"MongoDB Connected","timestamp":"2020-05-12T20:58:35.392Z"}
{"level":"info","message":"MongoDB Connected","timestamp":"2020-05-12T20:58:39.063Z"}
{"level":"info","message":"MongoDB Connected","timestamp":"2020-05-12T20:58:55.793Z"}
{"level":"info","message":"MongoDB Connected","timestamp":"2020-05-12T21:11:15.253Z"}
{"level":"info","message":"/api/advice","timestamp":"2020-05-12T21:11:29.884Z"}
{"level":"info","message":"MongoDB Connected","timestamp":"2020-05-12T21:12:06.277Z"}
{"level":"info","message":"/api/advice","timestamp":"2020-05-12T21:12:16.278Z"}
{"level":"info","message":"MongoDB Connected","timestamp":"2020-05-12T21:12:57.684Z"}
{"level":"info","message":"/api/advice","timestamp":"2020-05-12T21:13:01.851Z"}
{"level":"info","message":"MongoDB Connected","timestamp":"2020-05-12T21:13:52.770Z"}
{"level":"info","message":"MongoDB Connected","timestamp":"2020-05-12T21:14:02.431Z"}
{"level":"info","message":"/api/advice","timestamp":"2020-05-12T21:14:04.642Z"}
{"level":"info","message":"MongoDB Connected","timestamp":"2020-05-12T21:14:27.480Z"}
{"level":"info","message":"MongoDB Connected","timestamp":"2020-05-12T21:14:35.943Z"}
{"level":"info","message":"/api/advice","timestamp":"2020-05-12T21:14:36.561Z"}
{"level":"info","message":"MongoDB Connected","timestamp":"2020-05-12T21:14:54.079Z"}
{"level":"info","message":"MongoDB Connected","timestamp":"2020-05-12T21:14:58.225Z"}
{"level":"info","message":"MongoDB Connected","timestamp":"2020-05-12T21:15:00.722Z"}
{"level":"info","message":"/api/advice","timestamp":"2020-05-12T21:15:04.004Z"}
{"level":"info","message":"MongoDB Connected","timestamp":"2020-05-12T21:15:04.118Z"}
{"level":"info","message":"MongoDB Connected","timestamp":"2020-05-12T21:15:23.031Z"}
{"level":"info","message":"MongoDB Connected","timestamp":"2020-05-12T21:15:33.558Z"}
{"level":"info","message":"MongoDB Connected","timestamp":"2020-05-12T21:15:39.925Z"}
{"level":"info","message":"MongoDB Connected","timestamp":"2020-05-12T21:15:46.841Z"}
{"level":"info","message":"MongoDB Connected","timestamp":"2020-05-12T21:16:05.818Z"}
{"level":"info","message":"/api/advice","timestamp":"2020-05-12T21:16:08.329Z"}
{"level":"info","message":"MongoDB Connected","timestamp":"2020-05-12T21:16:44.245Z"}
{"level":"info","message":"MongoDB Connected","timestamp":"2020-05-12T21:16:54.162Z"}
{"level":"info","message":"/api/advice","timestamp":"2020-05-12T21:16:55.898Z"}
{"level":"info","message":"MongoDB Connected","timestamp":"2020-05-12T21:18:11.571Z"}
{"level":"info","message":"MongoDB Connected","timestamp":"2020-05-12T21:18:33.738Z"}
{"level":"info","message":"/api/advice","timestamp":"2020-05-12T21:18:38.512Z"}
{"level":"info","message":"/api/advice","timestamp":"2020-05-12T21:20:25.235Z"}
{"level":"info","message":"MongoDB Connected","timestamp":"2020-05-12T21:20:46.796Z"}
{"level":"info","message":"MongoDB Connected","timestamp":"2020-05-12T21:20:51.849Z"}
{"level":"info","message":"/api/advice","timestamp":"2020-05-12T21:20:56.987Z"}
{"level":"info","message":"MongoDB Connected","timestamp":"2020-05-12T21:21:20.972Z"}
{"level":"info","message":"/api/advice","timestamp":"2020-05-12T21:21:25.172Z"}
{"level":"info","message":"MongoDB Connected","timestamp":"2020-05-12T21:21:55.700Z"}
{"level":"info","message":"/api/advice","timestamp":"2020-05-12T21:22:04.115Z"}
{"level":"info","message":"MongoDB Connected","timestamp":"2020-05-12T21:23:01.278Z"}
{"level":"info","message":"/api/advice","timestamp":"2020-05-12T21:23:07.239Z"}
{"level":"info","message":"MongoDB Connected","timestamp":"2020-05-12T21:23:47.711Z"}
{"level":"info","message":"/api/advice","timestamp":"2020-05-12T21:24:00.361Z"}
{"level":"info","message":"MongoDB Connected","timestamp":"2020-05-12T21:24:43.277Z"}
{"level":"info","message":"/api/advice","timestamp":"2020-05-12T21:24:47.335Z"}
{"level":"info","message":"MongoDB Connected","timestamp":"2020-05-12T21:25:06.415Z"}
{"level":"info","message":"MongoDB Connected","timestamp":"2020-05-12T21:26:03.859Z"}
{"level":"info","message":"/api/advice","timestamp":"2020-05-12T21:26:11.665Z"}
{"level":"info","message":"MongoDB Connected","timestamp":"2020-05-12T21:26:30.820Z"}
{"level":"info","message":"MongoDB Connected","timestamp":"2020-05-12T21:26:39.161Z"}
{"level":"info","message":"MongoDB Connected","timestamp":"2020-05-12T21:26:44.559Z"}
{"level":"info","message":"MongoDB Connected","timestamp":"2020-05-12T21:26:48.417Z"}
{"level":"info","message":"MongoDB Connected","timestamp":"2020-05-12T21:26:56.311Z"}
{"level":"info","message":"MongoDB Connected","timestamp":"2020-05-12T21:27:03.947Z"}
{"level":"info","message":"/api/advice","timestamp":"2020-05-12T21:27:09.444Z"}
{"level":"info","message":"MongoDB Connected","timestamp":"2020-05-12T21:27:25.614Z"}
{"level":"info","message":"/api/advice","timestamp":"2020-05-12T21:27:41.778Z"}
{"level":"info","message":"MongoDB Connected","timestamp":"2020-05-12T21:28:44.793Z"}
{"level":"info","message":"MongoDB Connected","timestamp":"2020-05-12T21:47:42.144Z"}
{"level":"info","message":"/api/advice","timestamp":"2020-05-12T21:47:48.284Z"}
{"level":"info","message":"MongoDB Connected","timestamp":"2020-05-12T21:48:32.719Z"}
{"level":"info","message":"MongoDB Connected","timestamp":"2020-05-12T21:48:39.296Z"}
{"level":"info","message":"MongoDB Connected","timestamp":"2020-05-12T21:48:59.814Z"}
{"level":"info","message":"/api/advice","timestamp":"2020-05-12T21:49:09.632Z"}
{"level":"info","message":"MongoDB Connected","timestamp":"2020-05-12T21:49:37.544Z"}
{"level":"info","message":"/api/advice","timestamp":"2020-05-12T21:49:43.388Z"}
{"level":"info","message":"MongoDB Connected","timestamp":"2020-05-12T21:50:22.839Z"}
